============================= test session starts ==============================
platform darwin -- Python 2.7.0, pytest-3.7.2, py-1.5.4, pluggy-0.7.1
rootdir
 /Users/jiayue/Desktop/code/me/ci_test_inti/ci_test_runner, inifile

collected 2 items

tests/test_fail.py F                                                     [ 50%]
tests/test_pass.py .                                                     [100%]

=================================== FAILURES ===================================
____________________________ TestFileFail.test_fail ____________________________

self = <tests.test_fail.TestFileFail testMethod=test_fail>

    def test_fail(self)

>       self.fail("I will fail")
E       AssertionError
 I will fail

tests/test_fail.py
6
 AssertionError
====================== 1 failed, 1 passed in 0.11 seconds ======================